[debug] [2017-11-17T01:47:47.437Z] ----------------------------------------------------------------------
[debug] [2017-11-17T01:47:47.439Z] Command:       /Users/jepz/.nvm/versions/node/v8.3.0/bin/node /Users/jepz/.nvm/versions/node/v8.3.0/bin/firebase deploy --project onetimepassj
[debug] [2017-11-17T01:47:47.439Z] CLI Version:   3.15.2
[debug] [2017-11-17T01:47:47.439Z] Platform:      darwin
[debug] [2017-11-17T01:47:47.439Z] Node Version:  v8.3.0
[debug] [2017-11-17T01:47:47.440Z] Time:          Thu Nov 16 2017 20:47:47 GMT-0500 (EST)
[debug] [2017-11-17T01:47:47.440Z] ----------------------------------------------------------------------
[debug] 
[debug] [2017-11-17T01:47:47.453Z] > command requires scopes: ["email","openid","https://www.googleapis.com/auth/cloudplatformprojects.readonly","https://www.googleapis.com/auth/firebase","https://www.googleapis.com/auth/cloud-platform"]
[debug] [2017-11-17T01:47:47.453Z] > authorizing via signed-in user
[debug] [2017-11-17T01:47:47.455Z] > refreshing access token with scopes: ["email","https://www.googleapis.com/auth/cloud-platform","https://www.googleapis.com/auth/cloudplatformprojects.readonly","https://www.googleapis.com/auth/firebase","openid"]
[debug] [2017-11-17T01:47:47.456Z] >>> HTTP REQUEST POST https://www.googleapis.com/oauth2/v3/token { refresh_token: '1/pRbSL5FNXaa1M2mkyRRGAEyfrZsXTeUWnXgVDIIyE9E',
  client_id: '563584335869-fgrhgmd47bqnekij5i8b5pr03ho849e6.apps.googleusercontent.com',
  client_secret: 'j9iVZfS8kkCEFUPaAeJV0sAi',
  grant_type: 'refresh_token',
  scope: 'email https://www.googleapis.com/auth/cloud-platform https://www.googleapis.com/auth/cloudplatformprojects.readonly https://www.googleapis.com/auth/firebase openid' } 
 Thu Nov 16 2017 20:47:47 GMT-0500 (EST)
[debug] [2017-11-17T01:47:47.746Z] <<< HTTP RESPONSE 200
[debug] [2017-11-17T01:47:47.754Z] >>> HTTP REQUEST GET https://admin.firebase.com/v1/projects/onetimepassj  
 Thu Nov 16 2017 20:47:47 GMT-0500 (EST)
[debug] [2017-11-17T01:47:48.569Z] <<< HTTP RESPONSE 200
[debug] [2017-11-17T01:47:48.570Z] >>> HTTP REQUEST GET https://admin.firebase.com/v1/database/onetimepassj/tokens  
 Thu Nov 16 2017 20:47:48 GMT-0500 (EST)
[debug] [2017-11-17T01:47:49.255Z] <<< HTTP RESPONSE 200
[info] 
[info] === Deploying to 'onetimepassj'...
[info] 
[info] i  deploying functions
[debug] [2017-11-17T01:47:49.964Z] > [functions] package.json contents: {
  "name": "functions",
  "description": "Cloud Functions for Firebase",
  "scripts": {
    "serve": "firebase serve --only functions",
    "shell": "firebase experimental:functions:shell",
    "start": "npm run shell",
    "deploy": "firebase deploy --only functions",
    "logs": "firebase functions:log"
  },
  "dependencies": {
    "firebase-admin": "~5.4.2",
    "firebase-functions": "^0.7.1",
    "twilio": "^3.9.3"
  },
  "private": true
}
[info] i  functions: ensuring necessary APIs are enabled...
[info] i  runtimeconfig: ensuring necessary APIs are enabled...
[debug] [2017-11-17T01:47:49.965Z] >>> HTTP REQUEST GET https://servicemanagement.googleapis.com/v1/services/cloudfunctions.googleapis.com/projectSettings/onetimepassj?view=CONSUMER_VIEW  
 Thu Nov 16 2017 20:47:49 GMT-0500 (EST)
[debug] [2017-11-17T01:47:49.966Z] >>> HTTP REQUEST GET https://servicemanagement.googleapis.com/v1/services/runtimeconfig.googleapis.com/projectSettings/onetimepassj?view=CONSUMER_VIEW  
 Thu Nov 16 2017 20:47:49 GMT-0500 (EST)
[debug] [2017-11-17T01:47:50.739Z] <<< HTTP RESPONSE 200
[info] ✔  functions: all necessary APIs are enabled
[debug] [2017-11-17T01:47:50.742Z] <<< HTTP RESPONSE 200
[info] ✔  runtimeconfig: all necessary APIs are enabled
[debug] [2017-11-17T01:47:50.743Z] >>> HTTP REQUEST GET https://appengine.googleapis.com/v1/apps/onetimepassj  
 Thu Nov 16 2017 20:47:50 GMT-0500 (EST)
[debug] [2017-11-17T01:47:50.744Z] >>> HTTP REQUEST GET https://apikeys.googleapis.com/v1/projects/onetimepassj/apiKeys  
 Thu Nov 16 2017 20:47:50 GMT-0500 (EST)
[debug] [2017-11-17T01:47:51.241Z] <<< HTTP RESPONSE 200
[debug] [2017-11-17T01:47:51.322Z] <<< HTTP RESPONSE 200
